<?xml version="1.0" encoding="UTF-8"?>
<testsuite xmlns:xsi="http://www.w3.org/2001/XMLSchema-instance" xsi:noNamespaceSchemaLocation="https://maven.apache.org/surefire/maven-surefire-plugin/xsd/surefire-test-report.xsd" name="edu.javacourse.city.dao.PersonCheckDaoTest" time="0.479" tests="2" errors="0" skipped="0" failures="0">
  <properties>
[...]
</properties>
  <testcase name="checkPerson2" classname="edu.javacourse.city.dao.PersonCheckDaoTest" time="0.292"/>
  <testcase name="checkPerson" classname="edu.javacourse.city.dao.PersonCheckDaoTest" time="0.163"/>
</testsuite>